0 info it worked if it ends with ok
1 verbose cli [ '/usr/local/bin/node', '/usr/local/bin/npm', 'run', 'start' ]
2 info using npm@2.15.0
3 info using node@v4.4.2
4 verbose stack Error: Failed to parse json
4 verbose stack Trailing comma in object at 10:3
4 verbose stack   },
4 verbose stack   ^
4 verbose stack     at parseError (/usr/local/lib/node_modules/npm/node_modules/read-package-json/read-json.js:379:11)
4 verbose stack     at parseJson (/usr/local/lib/node_modules/npm/node_modules/read-package-json/read-json.js:68:23)
4 verbose stack     at /usr/local/lib/node_modules/npm/node_modules/read-package-json/read-json.js:48:5
4 verbose stack     at /usr/local/lib/node_modules/npm/node_modules/graceful-fs/graceful-fs.js:78:16
4 verbose stack     at FSReqWrap.readFileAfterClose [as oncomplete] (fs.js:380:3)
5 verbose cwd /Users/sachinkaria/Documents/Makers/projects/react-weather
6 error Darwin 15.4.0
7 error argv "/usr/local/bin/node" "/usr/local/bin/npm" "run" "start"
8 error node v4.4.2
9 error npm  v2.15.0
10 error file /Users/sachinkaria/Documents/Makers/projects/react-weather/package.json
11 error code EJSONPARSE
12 error Failed to parse json
12 error Trailing comma in object at 10:3
12 error   },
12 error   ^
13 error File: /Users/sachinkaria/Documents/Makers/projects/react-weather/package.json
14 error Failed to parse package.json data.
14 error package.json must be actual JSON, not just JavaScript.
14 error
14 error This is not a bug in npm.
14 error Tell the package author to fix their package.json file. JSON.parse
15 verbose exit [ 1, true ]
